1600695354199	geckodriver	INFO	Listening on 127.0.0.1:53887
1600695354216	mozrunner::runner	INFO	Running command: "/usr/bin/firefox" "--marionette" "-foreground" "-no-remote" "-profile" "/tmp/rust_mozprofileKMFHM4"
1600695358412	addons.webextension.screenshots@mozilla.org	WARN	Loading extension 'screenshots@mozilla.org': Reading manifest: Invalid extension permission: mozillaAddons
1600695358412	addons.webextension.screenshots@mozilla.org	WARN	Loading extension 'screenshots@mozilla.org': Reading manifest: Invalid extension permission: telemetry
1600695358412	addons.webextension.screenshots@mozilla.org	WARN	Loading extension 'screenshots@mozilla.org': Reading manifest: Invalid extension permission: resource://pdf.js/
1600695358412	addons.webextension.screenshots@mozilla.org	WARN	Loading extension 'screenshots@mozilla.org': Reading manifest: Invalid extension permission: about:reader*
1600695362656	Marionette	INFO	Listening on port 38387
1600695362706	Marionette	WARN	TLS certificate errors will be ignored for this session

(/usr/lib/firefox/firefox:9138): dconf-WARNING **: 16:36:43.545: Unable to open /var/lib/flatpak/exports/share/dconf/profile/user: Permission denied
JavaScript error: resource://gre/modules/LoginManagerContent.jsm, line 179: NS_ERROR_FAILURE: Component returned failure code: 0x80004005 (NS_ERROR_FAILURE) [nsIAutoCompleteController.getStyleAt]
1600695417953	Marionette	INFO	Stopped listening on port 38387
1600695420275	geckodriver	INFO	Listening on 127.0.0.1:38945
1600695420279	mozrunner::runner	INFO	Running command: "/usr/bin/firefox" "--marionette" "-foreground" "-no-remote" "-profile" "/tmp/rust_mozprofile9bwdP2"
1600695421358	addons.webextension.screenshots@mozilla.org	WARN	Loading extension 'screenshots@mozilla.org': Reading manifest: Invalid extension permission: mozillaAddons
1600695421358	addons.webextension.screenshots@mozilla.org	WARN	Loading extension 'screenshots@mozilla.org': Reading manifest: Invalid extension permission: telemetry
1600695421358	addons.webextension.screenshots@mozilla.org	WARN	Loading extension 'screenshots@mozilla.org': Reading manifest: Invalid extension permission: resource://pdf.js/
1600695421358	addons.webextension.screenshots@mozilla.org	WARN	Loading extension 'screenshots@mozilla.org': Reading manifest: Invalid extension permission: about:reader*
1600695423459	Marionette	INFO	Listening on port 41915
1600695423503	Marionette	WARN	TLS certificate errors will be ignored for this session
1600695430647	Marionette	INFO	Stopped listening on port 41915
1600695446028	geckodriver	INFO	Listening on 127.0.0.1:41531
1600695446032	mozrunner::runner	INFO	Running command: "/usr/bin/firefox" "--marionette" "-foreground" "-no-remote" "-profile" "/tmp/rust_mozprofileDWtoxJ"
1600695447444	addons.webextension.screenshots@mozilla.org	WARN	Loading extension 'screenshots@mozilla.org': Reading manifest: Invalid extension permission: mozillaAddons
1600695447444	addons.webextension.screenshots@mozilla.org	WARN	Loading extension 'screenshots@mozilla.org': Reading manifest: Invalid extension permission: telemetry
1600695447444	addons.webextension.screenshots@mozilla.org	WARN	Loading extension 'screenshots@mozilla.org': Reading manifest: Invalid extension permission: resource://pdf.js/
1600695447444	addons.webextension.screenshots@mozilla.org	WARN	Loading extension 'screenshots@mozilla.org': Reading manifest: Invalid extension permission: about:reader*
1600695449647	Marionette	INFO	Listening on port 36937
1600695449676	Marionette	WARN	TLS certificate errors will be ignored for this session
1600695466140	Marionette	INFO	Stopped listening on port 36937
1600695477343	geckodriver	INFO	Listening on 127.0.0.1:60645
1600695477347	mozrunner::runner	INFO	Running command: "/usr/bin/firefox" "--marionette" "-foreground" "-no-remote" "-profile" "/tmp/rust_mozprofileyp1fqp"
1600695478507	addons.webextension.screenshots@mozilla.org	WARN	Loading extension 'screenshots@mozilla.org': Reading manifest: Invalid extension permission: mozillaAddons
1600695478507	addons.webextension.screenshots@mozilla.org	WARN	Loading extension 'screenshots@mozilla.org': Reading manifest: Invalid extension permission: telemetry
1600695478508	addons.webextension.screenshots@mozilla.org	WARN	Loading extension 'screenshots@mozilla.org': Reading manifest: Invalid extension permission: resource://pdf.js/
1600695478508	addons.webextension.screenshots@mozilla.org	WARN	Loading extension 'screenshots@mozilla.org': Reading manifest: Invalid extension permission: about:reader*
1600695480603	Marionette	INFO	Listening on port 43191
1600695480683	Marionette	WARN	TLS certificate errors will be ignored for this session
1600695486730	Marionette	INFO	Stopped listening on port 43191
1600703935027	geckodriver	INFO	Listening on 127.0.0.1:41763
1600703935078	mozrunner::runner	INFO	Running command: "/usr/bin/firefox" "--marionette" "-foreground" "-no-remote" "-profile" "/tmp/rust_mozprofilew3Nkrh"
1600703941188	addons.webextension.screenshots@mozilla.org	WARN	Loading extension 'screenshots@mozilla.org': Reading manifest: Invalid host permission: resource://pdf.js/
1600703941188	addons.webextension.screenshots@mozilla.org	WARN	Loading extension 'screenshots@mozilla.org': Reading manifest: Invalid host permission: about:reader*

(firefox:8794): Gtk-WARNING **: 18:59:02.717: Theme parsing error: <data>:1:34: Expected ')' in color definition

(firefox:8794): Gtk-WARNING **: 18:59:02.717: Theme parsing error: <data>:1:78: Expected ')' in color definition
1600703948169	Marionette	INFO	Listening on port 34897
1600703948240	Marionette	WARN	TLS certificate errors will be ignored for this session
[Parent 8794, Gecko_IOThread] WARNING: pipe error (81): Connection reset by peer: file /build/firefox-fvtOIe/firefox-64.0+linuxmint2+tessa/ipc/chromium/src/chrome/common/ipc_channel_posix.cc, line 363
[Parent 8794, Gecko_IOThread] WARNING: pipe error (89): Connection reset by peer: file /build/firefox-fvtOIe/firefox-64.0+linuxmint2+tessa/ipc/chromium/src/chrome/common/ipc_channel_posix.cc, line 363
1600703965322	Marionette	INFO	Stopped listening on port 34897
